{"/Users/rishab/Code/WhileTrue/src/app/src/App.tsx": {"path":"/Users/rishab/Code/WhileTrue/src/app/src/App.tsx","statementMap":{"0":{"start":{"line":12,"column":12},"end":{"line":60,"column":1}},"1":{"start":{"line":13,"column":26},"end":{"line":13,"column":53}},"2":{"start":{"line":14,"column":32},"end":{"line":14,"column":52}},"3":{"start":{"line":16,"column":2},"end":{"line":33,"column":9}},"4":{"start":{"line":17,"column":22},"end":{"line":30,"column":5}},"5":{"start":{"line":18,"column":6},"end":{"line":18,"column":23}},"6":{"start":{"line":19,"column":6},"end":{"line":28,"column":7}},"7":{"start":{"line":20,"column":25},"end":{"line":20,"column":44}},"8":{"start":{"line":21,"column":8},"end":{"line":25,"column":11}},"9":{"start":{"line":27,"column":8},"end":{"line":27,"column":25}},"10":{"start":{"line":29,"column":6},"end":{"line":29,"column":24}},"11":{"start":{"line":32,"column":4},"end":{"line":32,"column":16}},"12":{"start":{"line":35,"column":2},"end":{"line":59,"column":4}},"13":{"start":{"line":46,"column":18},"end":{"line":51,"column":20}}},"fnMap":{"0":{"name":"(anonymous_0)","decl":{"start":{"line":12,"column":12},"end":{"line":12,"column":13}},"loc":{"start":{"line":12,"column":18},"end":{"line":60,"column":1}},"line":12},"1":{"name":"(anonymous_1)","decl":{"start":{"line":16,"column":18},"end":{"line":16,"column":19}},"loc":{"start":{"line":16,"column":24},"end":{"line":33,"column":3}},"line":16},"2":{"name":"(anonymous_2)","decl":{"start":{"line":17,"column":22},"end":{"line":17,"column":23}},"loc":{"start":{"line":17,"column":34},"end":{"line":30,"column":5}},"line":17},"3":{"name":"(anonymous_3)","decl":{"start":{"line":45,"column":28},"end":{"line":45,"column":29}},"loc":{"start":{"line":46,"column":18},"end":{"line":51,"column":20}},"line":46}},"branchMap":{"0":{"loc":{"start":{"line":37,"column":7},"end":{"line":57,"column":7}},"type":"cond-expr","locations":[{"start":{"line":38,"column":8},"end":{"line":38,"column":19}},{"start":{"line":40,"column":8},"end":{"line":56,"column":31}}],"line":37}},"s":{"0":0,"1":0,"2":0,"3":0,"4":0,"5":0,"6":0,"7":0,"8":0,"9":0,"10":0,"11":0,"12":0,"13":0},"f":{"0":0,"1":0,"2":0,"3":0},"b":{"0":[0,0]}}
,"/Users/rishab/Code/WhileTrue/src/app/src/index.tsx": {"path":"/Users/rishab/Code/WhileTrue/src/app/src/index.tsx","statementMap":{"0":{"start":{"line":11,"column":15},"end":{"line":28,"column":1}},"1":{"start":{"line":30,"column":19},"end":{"line":46,"column":1}},"2":{"start":{"line":37,"column":25},"end":{"line":43,"column":7}},"3":{"start":{"line":47,"column":14},"end":{"line":47,"column":49}},"4":{"start":{"line":49,"column":0},"end":{"line":49,"column":16}},"5":{"start":{"line":51,"column":0},"end":{"line":58,"column":2}},"6":{"start":{"line":63,"column":0},"end":{"line":63,"column":18}}},"fnMap":{"0":{"name":"(anonymous_0)","decl":{"start":{"line":37,"column":13},"end":{"line":37,"column":14}},"loc":{"start":{"line":37,"column":25},"end":{"line":43,"column":7}},"line":37}},"branchMap":{},"s":{"0":0,"1":0,"2":0,"3":0,"4":0,"5":0,"6":0},"f":{"0":0},"b":{}}
,"/Users/rishab/Code/WhileTrue/src/app/src/reportWebVitals.ts": {"path":"/Users/rishab/Code/WhileTrue/src/app/src/reportWebVitals.ts","statementMap":{"0":{"start":{"line":3,"column":24},"end":{"line":13,"column":1}},"1":{"start":{"line":4,"column":2},"end":{"line":12,"column":3}},"2":{"start":{"line":5,"column":4},"end":{"line":11,"column":7}},"3":{"start":{"line":6,"column":6},"end":{"line":6,"column":26}},"4":{"start":{"line":7,"column":6},"end":{"line":7,"column":26}},"5":{"start":{"line":8,"column":6},"end":{"line":8,"column":26}},"6":{"start":{"line":9,"column":6},"end":{"line":9,"column":26}},"7":{"start":{"line":10,"column":6},"end":{"line":10,"column":27}}},"fnMap":{"0":{"name":"(anonymous_0)","decl":{"start":{"line":3,"column":24},"end":{"line":3,"column":25}},"loc":{"start":{"line":3,"column":57},"end":{"line":13,"column":1}},"line":3},"1":{"name":"(anonymous_1)","decl":{"start":{"line":5,"column":30},"end":{"line":5,"column":31}},"loc":{"start":{"line":5,"column":79},"end":{"line":11,"column":5}},"line":5}},"branchMap":{"0":{"loc":{"start":{"line":4,"column":2},"end":{"line":12,"column":3}},"type":"if","locations":[{"start":{"line":4,"column":2},"end":{"line":12,"column":3}},{"start":{"line":4,"column":2},"end":{"line":12,"column":3}}],"line":4},"1":{"loc":{"start":{"line":4,"column":6},"end":{"line":4,"column":52}},"type":"binary-expr","locations":[{"start":{"line":4,"column":6},"end":{"line":4,"column":17}},{"start":{"line":4,"column":21},"end":{"line":4,"column":52}}],"line":4}},"s":{"0":0,"1":0,"2":0,"3":0,"4":0,"5":0,"6":0,"7":0},"f":{"0":0,"1":0},"b":{"0":[0,0],"1":[0,0]}}
,"/Users/rishab/Code/WhileTrue/src/app/src/routes.ts": {"path":"/Users/rishab/Code/WhileTrue/src/app/src/routes.ts","statementMap":{"0":{"start":{"line":7,"column":15},"end":{"line":58,"column":1}}},"fnMap":{},"branchMap":{},"s":{"0":0},"f":{},"b":{}}
,"/Users/rishab/Code/WhileTrue/src/app/src/api/axios.ts": {"path":"/Users/rishab/Code/WhileTrue/src/app/src/api/axios.ts","statementMap":{"0":{"start":{"line":3,"column":28},"end":{"line":15,"column":1}},"1":{"start":{"line":4,"column":2},"end":{"line":9,"column":3}},"2":{"start":{"line":5,"column":4},"end":{"line":8,"column":7}},"3":{"start":{"line":10,"column":2},"end":{"line":14,"column":5}}},"fnMap":{"0":{"name":"(anonymous_0)","decl":{"start":{"line":3,"column":28},"end":{"line":3,"column":29}},"loc":{"start":{"line":3,"column":47},"end":{"line":15,"column":1}},"line":3}},"branchMap":{"0":{"loc":{"start":{"line":3,"column":29},"end":{"line":3,"column":42}},"type":"default-arg","locations":[{"start":{"line":3,"column":40},"end":{"line":3,"column":42}}],"line":3},"1":{"loc":{"start":{"line":4,"column":2},"end":{"line":9,"column":3}},"type":"if","locations":[{"start":{"line":4,"column":2},"end":{"line":9,"column":3}},{"start":{"line":4,"column":2},"end":{"line":9,"column":3}}],"line":4}},"s":{"0":1,"1":0,"2":0,"3":0},"f":{"0":0},"b":{"0":[0],"1":[0,0]},"_coverageSchema":"1a1c01bbd47fc00a2c39e90264f33305004495a9","hash":"5d0412e04ac1f0c41c29903c05de639572f6d46f"}
,"/Users/rishab/Code/WhileTrue/src/app/src/api/data.ts": {"path":"/Users/rishab/Code/WhileTrue/src/app/src/api/data.ts","statementMap":{"0":{"start":{"line":3,"column":16},"end":{"line":8,"column":1}},"1":{"start":{"line":4,"column":19},"end":{"line":4,"column":40}},"2":{"start":{"line":5,"column":14},"end":{"line":5,"column":50}},"3":{"start":{"line":7,"column":2},"end":{"line":7,"column":18}},"4":{"start":{"line":10,"column":17},"end":{"line":15,"column":1}},"5":{"start":{"line":11,"column":19},"end":{"line":11,"column":40}},"6":{"start":{"line":12,"column":14},"end":{"line":12,"column":57}},"7":{"start":{"line":14,"column":2},"end":{"line":14,"column":18}}},"fnMap":{"0":{"name":"(anonymous_0)","decl":{"start":{"line":3,"column":16},"end":{"line":3,"column":17}},"loc":{"start":{"line":3,"column":41},"end":{"line":8,"column":1}},"line":3},"1":{"name":"(anonymous_1)","decl":{"start":{"line":10,"column":17},"end":{"line":10,"column":18}},"loc":{"start":{"line":10,"column":56},"end":{"line":15,"column":1}},"line":10}},"branchMap":{},"s":{"0":0,"1":0,"2":0,"3":0,"4":0,"5":0,"6":0,"7":0},"f":{"0":0,"1":0},"b":{}}
,"/Users/rishab/Code/WhileTrue/src/app/src/api/generateContent.ts": {"path":"/Users/rishab/Code/WhileTrue/src/app/src/api/generateContent.ts","statementMap":{"0":{"start":{"line":3,"column":24},"end":{"line":14,"column":1}},"1":{"start":{"line":5,"column":2},"end":{"line":13,"column":3}},"2":{"start":{"line":6,"column":21},"end":{"line":6,"column":42}},"3":{"start":{"line":7,"column":16},"end":{"line":7,"column":89}},"4":{"start":{"line":8,"column":29},"end":{"line":8,"column":44}},"5":{"start":{"line":9,"column":4},"end":{"line":9,"column":28}},"6":{"start":{"line":11,"column":4},"end":{"line":11,"column":21}},"7":{"start":{"line":12,"column":4},"end":{"line":12,"column":14}},"8":{"start":{"line":16,"column":26},"end":{"line":25,"column":1}},"9":{"start":{"line":17,"column":2},"end":{"line":24,"column":3}},"10":{"start":{"line":18,"column":21},"end":{"line":18,"column":42}},"11":{"start":{"line":19,"column":16},"end":{"line":19,"column":77}},"12":{"start":{"line":20,"column":4},"end":{"line":20,"column":20}},"13":{"start":{"line":22,"column":4},"end":{"line":22,"column":21}},"14":{"start":{"line":23,"column":4},"end":{"line":23,"column":14}}},"fnMap":{"0":{"name":"(anonymous_0)","decl":{"start":{"line":3,"column":24},"end":{"line":3,"column":25}},"loc":{"start":{"line":3,"column":90},"end":{"line":14,"column":1}},"line":3},"1":{"name":"(anonymous_1)","decl":{"start":{"line":16,"column":26},"end":{"line":16,"column":27}},"loc":{"start":{"line":16,"column":71},"end":{"line":25,"column":1}},"line":16}},"branchMap":{},"s":{"0":0,"1":0,"2":0,"3":0,"4":0,"5":0,"6":0,"7":0,"8":0,"9":0,"10":0,"11":0,"12":0,"13":0,"14":0},"f":{"0":0,"1":0},"b":{}}
,"/Users/rishab/Code/WhileTrue/src/app/src/api/login.ts": {"path":"/Users/rishab/Code/WhileTrue/src/app/src/api/login.ts","statementMap":{"0":{"start":{"line":3,"column":18},"end":{"line":9,"column":1}},"1":{"start":{"line":4,"column":19},"end":{"line":4,"column":48}},"2":{"start":{"line":6,"column":14},"end":{"line":6,"column":54}},"3":{"start":{"line":8,"column":2},"end":{"line":8,"column":20}}},"fnMap":{"0":{"name":"(anonymous_0)","decl":{"start":{"line":3,"column":18},"end":{"line":3,"column":19}},"loc":{"start":{"line":3,"column":61},"end":{"line":9,"column":1}},"line":3}},"branchMap":{},"s":{"0":1,"1":0,"2":0,"3":0},"f":{"0":0},"b":{},"_coverageSchema":"1a1c01bbd47fc00a2c39e90264f33305004495a9","hash":"b6bb10da505572b1232558592df7806bee94942c"}
,"/Users/rishab/Code/WhileTrue/src/app/src/api/status.ts": {"path":"/Users/rishab/Code/WhileTrue/src/app/src/api/status.ts","statementMap":{"0":{"start":{"line":7,"column":18},"end":{"line":18,"column":1}},"1":{"start":{"line":8,"column":2},"end":{"line":17,"column":3}},"2":{"start":{"line":9,"column":16},"end":{"line":9,"column":46}},"3":{"start":{"line":10,"column":43},"end":{"line":10,"column":51}},"4":{"start":{"line":12,"column":4},"end":{"line":12,"column":21}},"5":{"start":{"line":14,"column":4},"end":{"line":14,"column":33}},"6":{"start":{"line":16,"column":4},"end":{"line":16,"column":25}}},"fnMap":{"0":{"name":"(anonymous_0)","decl":{"start":{"line":7,"column":18},"end":{"line":7,"column":19}},"loc":{"start":{"line":7,"column":30},"end":{"line":18,"column":1}},"line":7}},"branchMap":{},"s":{"0":1,"1":0,"2":0,"3":0,"4":0,"5":0,"6":0},"f":{"0":0},"b":{},"_coverageSchema":"1a1c01bbd47fc00a2c39e90264f33305004495a9","hash":"0f75afc039f7392dd52ebf276ee7b94e3f4c656b"}
,"/Users/rishab/Code/WhileTrue/src/app/src/api/user.ts": {"path":"/Users/rishab/Code/WhileTrue/src/app/src/api/user.ts","statementMap":{"0":{"start":{"line":4,"column":0},"end":{"line":4,"column":38}},"1":{"start":{"line":11,"column":20},"end":{"line":21,"column":1}},"2":{"start":{"line":12,"column":2},"end":{"line":20,"column":3}},"3":{"start":{"line":13,"column":21},"end":{"line":13,"column":42}},"4":{"start":{"line":14,"column":16},"end":{"line":14,"column":43}},"5":{"start":{"line":15,"column":39},"end":{"line":15,"column":47}},"6":{"start":{"line":17,"column":4},"end":{"line":17,"column":20}},"7":{"start":{"line":19,"column":4},"end":{"line":19,"column":56}}},"fnMap":{"0":{"name":"(anonymous_0)","decl":{"start":{"line":11,"column":20},"end":{"line":11,"column":21}},"loc":{"start":{"line":11,"column":32},"end":{"line":21,"column":1}},"line":11}},"branchMap":{},"s":{"0":0,"1":0,"2":0,"3":0,"4":0,"5":0,"6":0,"7":0},"f":{"0":0},"b":{}}
,"/Users/rishab/Code/WhileTrue/src/app/src/components/AppRoutes.tsx": {"path":"/Users/rishab/Code/WhileTrue/src/app/src/components/AppRoutes.tsx","statementMap":{"0":{"start":{"line":11,"column":17},"end":{"line":24,"column":1}},"1":{"start":{"line":12,"column":19},"end":{"line":12,"column":42}},"2":{"start":{"line":13,"column":2},"end":{"line":13,"column":20}},"3":{"start":{"line":14,"column":2},"end":{"line":14,"column":25}},"4":{"start":{"line":15,"column":2},"end":{"line":23,"column":4}},"5":{"start":{"line":19,"column":8},"end":{"line":19,"column":102}}},"fnMap":{"0":{"name":"(anonymous_0)","decl":{"start":{"line":11,"column":17},"end":{"line":11,"column":18}},"loc":{"start":{"line":11,"column":80},"end":{"line":24,"column":1}},"line":11},"1":{"name":"(anonymous_1)","decl":{"start":{"line":18,"column":14},"end":{"line":18,"column":15}},"loc":{"start":{"line":19,"column":8},"end":{"line":19,"column":102}},"line":19}},"branchMap":{"0":{"loc":{"start":{"line":19,"column":8},"end":{"line":19,"column":102}},"type":"cond-expr","locations":[{"start":{"line":19,"column":35},"end":{"line":19,"column":75}},{"start":{"line":19,"column":78},"end":{"line":19,"column":102}}],"line":19},"1":{"loc":{"start":{"line":19,"column":8},"end":{"line":19,"column":32}},"type":"binary-expr","locations":[{"start":{"line":19,"column":8},"end":{"line":19,"column":17}},{"start":{"line":19,"column":21},"end":{"line":19,"column":32}}],"line":19}},"s":{"0":0,"1":0,"2":0,"3":0,"4":0,"5":0},"f":{"0":0,"1":0},"b":{"0":[0,0],"1":[0,0]}}
,"/Users/rishab/Code/WhileTrue/src/app/src/components/ClientSegmentInputs.tsx": {"path":"/Users/rishab/Code/WhileTrue/src/app/src/components/ClientSegmentInputs.tsx","statementMap":{"0":{"start":{"line":9,"column":28},"end":{"line":29,"column":1}},"1":{"start":{"line":10,"column":44},"end":{"line":10,"column":56}},"2":{"start":{"line":12,"column":2},"end":{"line":28,"column":4}},"3":{"start":{"line":20,"column":27},"end":{"line":20,"column":59}},"4":{"start":{"line":23,"column":61},"end":{"line":23,"column":95}}},"fnMap":{"0":{"name":"(anonymous_0)","decl":{"start":{"line":9,"column":28},"end":{"line":9,"column":29}},"loc":{"start":{"line":9,"column":64},"end":{"line":29,"column":1}},"line":9},"1":{"name":"(anonymous_1)","decl":{"start":{"line":20,"column":20},"end":{"line":20,"column":21}},"loc":{"start":{"line":20,"column":27},"end":{"line":20,"column":59}},"line":20},"2":{"name":"(anonymous_2)","decl":{"start":{"line":23,"column":55},"end":{"line":23,"column":56}},"loc":{"start":{"line":23,"column":61},"end":{"line":23,"column":95}},"line":23}},"branchMap":{},"s":{"0":0,"1":0,"2":0,"3":0,"4":0},"f":{"0":0,"1":0,"2":0},"b":{}}
,"/Users/rishab/Code/WhileTrue/src/app/src/components/DataTable.tsx": {"path":"/Users/rishab/Code/WhileTrue/src/app/src/components/DataTable.tsx","statementMap":{"0":{"start":{"line":8,"column":18},"end":{"line":33,"column":1}},"1":{"start":{"line":9,"column":2},"end":{"line":9,"column":23}},"2":{"start":{"line":10,"column":2},"end":{"line":10,"column":20}},"3":{"start":{"line":11,"column":2},"end":{"line":32,"column":4}},"4":{"start":{"line":17,"column":14},"end":{"line":17,"column":52}},"5":{"start":{"line":23,"column":12},"end":{"line":27,"column":17}},"6":{"start":{"line":25,"column":16},"end":{"line":25,"column":53}}},"fnMap":{"0":{"name":"(anonymous_0)","decl":{"start":{"line":8,"column":18},"end":{"line":8,"column":19}},"loc":{"start":{"line":8,"column":48},"end":{"line":33,"column":1}},"line":8},"1":{"name":"(anonymous_1)","decl":{"start":{"line":16,"column":40},"end":{"line":16,"column":41}},"loc":{"start":{"line":16,"column":52},"end":{"line":18,"column":13}},"line":16},"2":{"name":"(anonymous_2)","decl":{"start":{"line":22,"column":20},"end":{"line":22,"column":21}},"loc":{"start":{"line":23,"column":12},"end":{"line":27,"column":17}},"line":23},"3":{"name":"(anonymous_3)","decl":{"start":{"line":24,"column":40},"end":{"line":24,"column":41}},"loc":{"start":{"line":24,"column":49},"end":{"line":26,"column":15}},"line":24}},"branchMap":{},"s":{"0":0,"1":0,"2":0,"3":0,"4":0,"5":0,"6":0},"f":{"0":0,"1":0,"2":0,"3":0},"b":{}}
,"/Users/rishab/Code/WhileTrue/src/app/src/components/GenContentSearchBar.tsx": {"path":"/Users/rishab/Code/WhileTrue/src/app/src/components/GenContentSearchBar.tsx","statementMap":{"0":{"start":{"line":5,"column":28},"end":{"line":54,"column":1}},"1":{"start":{"line":6,"column":43},"end":{"line":6,"column":68}},"2":{"start":{"line":8,"column":2},"end":{"line":29,"column":9}},"3":{"start":{"line":9,"column":4},"end":{"line":28,"column":7}},"4":{"start":{"line":10,"column":17},"end":{"line":10,"column":19}},"5":{"start":{"line":11,"column":6},"end":{"line":25,"column":7}},"6":{"start":{"line":12,"column":8},"end":{"line":17,"column":11}},"7":{"start":{"line":13,"column":10},"end":{"line":16,"column":12}},"8":{"start":{"line":18,"column":13},"end":{"line":25,"column":7}},"9":{"start":{"line":19,"column":8},"end":{"line":24,"column":11}},"10":{"start":{"line":20,"column":10},"end":{"line":23,"column":12}},"11":{"start":{"line":26,"column":6},"end":{"line":26,"column":31}},"12":{"start":{"line":27,"column":6},"end":{"line":27,"column":28}},"13":{"start":{"line":31,"column":23},"end":{"line":33,"column":3}},"14":{"start":{"line":32,"column":4},"end":{"line":32,"column":36}},"15":{"start":{"line":35,"column":2},"end":{"line":53,"column":4}},"16":{"start":{"line":44,"column":33},"end":{"line":48,"column":11}}},"fnMap":{"0":{"name":"(anonymous_0)","decl":{"start":{"line":5,"column":28},"end":{"line":5,"column":29}},"loc":{"start":{"line":5,"column":98},"end":{"line":54,"column":1}},"line":5},"1":{"name":"(anonymous_1)","decl":{"start":{"line":8,"column":18},"end":{"line":8,"column":19}},"loc":{"start":{"line":8,"column":24},"end":{"line":29,"column":3}},"line":8},"2":{"name":"(anonymous_2)","decl":{"start":{"line":9,"column":31},"end":{"line":9,"column":32}},"loc":{"start":{"line":9,"column":45},"end":{"line":28,"column":5}},"line":9},"3":{"name":"(anonymous_3)","decl":{"start":{"line":12,"column":23},"end":{"line":12,"column":24}},"loc":{"start":{"line":12,"column":38},"end":{"line":17,"column":9}},"line":12},"4":{"name":"(anonymous_4)","decl":{"start":{"line":19,"column":23},"end":{"line":19,"column":24}},"loc":{"start":{"line":19,"column":38},"end":{"line":24,"column":9}},"line":19},"5":{"name":"(anonymous_5)","decl":{"start":{"line":31,"column":23},"end":{"line":31,"column":24}},"loc":{"start":{"line":31,"column":48},"end":{"line":33,"column":3}},"line":31},"6":{"name":"(anonymous_6)","decl":{"start":{"line":44,"column":19},"end":{"line":44,"column":20}},"loc":{"start":{"line":44,"column":33},"end":{"line":48,"column":11}},"line":44}},"branchMap":{"0":{"loc":{"start":{"line":11,"column":6},"end":{"line":25,"column":7}},"type":"if","locations":[{"start":{"line":11,"column":6},"end":{"line":25,"column":7}},{"start":{"line":11,"column":6},"end":{"line":25,"column":7}}],"line":11},"1":{"loc":{"start":{"line":18,"column":13},"end":{"line":25,"column":7}},"type":"if","locations":[{"start":{"line":18,"column":13},"end":{"line":25,"column":7}},{"start":{"line":18,"column":13},"end":{"line":25,"column":7}}],"line":18}},"s":{"0":0,"1":0,"2":0,"3":0,"4":0,"5":0,"6":0,"7":0,"8":0,"9":0,"10":0,"11":0,"12":0,"13":0,"14":0,"15":0,"16":0},"f":{"0":0,"1":0,"2":0,"3":0,"4":0,"5":0,"6":0},"b":{"0":[0,0],"1":[0,0]}}
,"/Users/rishab/Code/WhileTrue/src/app/src/components/GeneratedContentTable.tsx": {"path":"/Users/rishab/Code/WhileTrue/src/app/src/components/GeneratedContentTable.tsx","statementMap":{"0":{"start":{"line":8,"column":2},"end":{"line":11,"column":3}},"1":{"start":{"line":9,"column":4},"end":{"line":9,"column":55}},"2":{"start":{"line":10,"column":4},"end":{"line":10,"column":27}},"3":{"start":{"line":14,"column":29},"end":{"line":24,"column":1}},"4":{"start":{"line":15,"column":38},"end":{"line":15,"column":54}},"5":{"start":{"line":16,"column":2},"end":{"line":23,"column":4}},"6":{"start":{"line":21,"column":29},"end":{"line":21,"column":93}},"7":{"start":{"line":26,"column":30},"end":{"line":41,"column":1}},"8":{"start":{"line":27,"column":22},"end":{"line":27,"column":27}},"9":{"start":{"line":28,"column":2},"end":{"line":40,"column":4}},"10":{"start":{"line":33,"column":12},"end":{"line":35,"column":18}}},"fnMap":{"0":{"name":"handleSave","decl":{"start":{"line":7,"column":9},"end":{"line":7,"column":19}},"loc":{"start":{"line":7,"column":109},"end":{"line":12,"column":1}},"line":7},"1":{"name":"(anonymous_1)","decl":{"start":{"line":14,"column":29},"end":{"line":14,"column":30}},"loc":{"start":{"line":14,"column":77},"end":{"line":24,"column":1}},"line":14},"2":{"name":"(anonymous_2)","decl":{"start":{"line":21,"column":23},"end":{"line":21,"column":24}},"loc":{"start":{"line":21,"column":29},"end":{"line":21,"column":93}},"line":21},"3":{"name":"(anonymous_3)","decl":{"start":{"line":26,"column":30},"end":{"line":26,"column":31}},"loc":{"start":{"line":26,"column":69},"end":{"line":41,"column":1}},"line":26},"4":{"name":"(anonymous_4)","decl":{"start":{"line":32,"column":23},"end":{"line":32,"column":24}},"loc":{"start":{"line":33,"column":12},"end":{"line":35,"column":18}},"line":33}},"branchMap":{"0":{"loc":{"start":{"line":8,"column":2},"end":{"line":11,"column":3}},"type":"if","locations":[{"start":{"line":8,"column":2},"end":{"line":11,"column":3}},{"start":{"line":8,"column":2},"end":{"line":11,"column":3}}],"line":8}},"s":{"0":0,"1":0,"2":0,"3":0,"4":0,"5":0,"6":0,"7":0,"8":0,"9":0,"10":0},"f":{"0":0,"1":0,"2":0,"3":0,"4":0},"b":{"0":[0,0]}}
,"/Users/rishab/Code/WhileTrue/src/app/src/components/Graph.tsx": {"path":"/Users/rishab/Code/WhileTrue/src/app/src/components/Graph.tsx","statementMap":{"0":{"start":{"line":10,"column":0},"end":{"line":10,"column":37}},"1":{"start":{"line":51,"column":14},"end":{"line":113,"column":3}},"2":{"start":{"line":52,"column":23},"end":{"line":52,"column":28}},"3":{"start":{"line":53,"column":16},"end":{"line":53,"column":41}},"4":{"start":{"line":55,"column":4},"end":{"line":65,"column":5}},"5":{"start":{"line":55,"column":17},"end":{"line":55,"column":18}},"6":{"start":{"line":56,"column":18},"end":{"line":56,"column":32}},"7":{"start":{"line":57,"column":20},"end":{"line":57,"column":30}},"8":{"start":{"line":58,"column":8},"end":{"line":64,"column":9}},"9":{"start":{"line":59,"column":12},"end":{"line":61,"column":13}},"10":{"start":{"line":60,"column":16},"end":{"line":60,"column":35}},"11":{"start":{"line":63,"column":12},"end":{"line":63,"column":25}},"12":{"start":{"line":66,"column":4},"end":{"line":66,"column":28}},"13":{"start":{"line":68,"column":58},"end":{"line":68,"column":60}},"14":{"start":{"line":69,"column":4},"end":{"line":71,"column":7}},"15":{"start":{"line":70,"column":8},"end":{"line":70,"column":54}},"16":{"start":{"line":73,"column":4},"end":{"line":73,"column":32}},"17":{"start":{"line":76,"column":18},"end":{"line":76,"column":62}},"18":{"start":{"line":79,"column":4},"end":{"line":79,"column":23}},"19":{"start":{"line":82,"column":22},"end":{"line":82,"column":66}},"20":{"start":{"line":83,"column":4},"end":{"line":83,"column":45}},"21":{"start":{"line":84,"column":4},"end":{"line":84,"column":43}},"22":{"start":{"line":87,"column":19},"end":{"line":87,"column":62}},"23":{"start":{"line":107,"column":4},"end":{"line":112,"column":6}}},"fnMap":{"0":{"name":"(anonymous_0)","decl":{"start":{"line":51,"column":14},"end":{"line":51,"column":15}},"loc":{"start":{"line":51,"column":46},"end":{"line":113,"column":3}},"line":51},"1":{"name":"(anonymous_1)","decl":{"start":{"line":69,"column":16},"end":{"line":69,"column":17}},"loc":{"start":{"line":69,"column":48},"end":{"line":71,"column":5}},"line":69}},"branchMap":{"0":{"loc":{"start":{"line":58,"column":8},"end":{"line":64,"column":9}},"type":"if","locations":[{"start":{"line":58,"column":8},"end":{"line":64,"column":9}},{"start":{"line":58,"column":8},"end":{"line":64,"column":9}}],"line":58},"1":{"loc":{"start":{"line":59,"column":12},"end":{"line":61,"column":13}},"type":"if","locations":[{"start":{"line":59,"column":12},"end":{"line":61,"column":13}},{"start":{"line":59,"column":12},"end":{"line":61,"column":13}}],"line":59}},"s":{"0":0,"1":0,"2":0,"3":0,"4":0,"5":0,"6":0,"7":0,"8":0,"9":0,"10":0,"11":0,"12":0,"13":0,"14":0,"15":0,"16":0,"17":0,"18":0,"19":0,"20":0,"21":0,"22":0,"23":0},"f":{"0":0,"1":0},"b":{"0":[0,0],"1":[0,0]}}
,"/Users/rishab/Code/WhileTrue/src/app/src/components/LoginForm.tsx": {"path":"/Users/rishab/Code/WhileTrue/src/app/src/components/LoginForm.tsx","statementMap":{"0":{"start":{"line":10,"column":18},"end":{"line":49,"column":1}},"1":{"start":{"line":11,"column":28},"end":{"line":11,"column":40}},"2":{"start":{"line":13,"column":23},"end":{"line":16,"column":3}},"3":{"start":{"line":14,"column":4},"end":{"line":14,"column":23}},"4":{"start":{"line":15,"column":4},"end":{"line":15,"column":25}},"5":{"start":{"line":18,"column":2},"end":{"line":48,"column":4}},"6":{"start":{"line":23,"column":79},"end":{"line":23,"column":103}}},"fnMap":{"0":{"name":"(anonymous_0)","decl":{"start":{"line":10,"column":18},"end":{"line":10,"column":19}},"loc":{"start":{"line":10,"column":58},"end":{"line":49,"column":1}},"line":10},"1":{"name":"(anonymous_1)","decl":{"start":{"line":13,"column":23},"end":{"line":13,"column":24}},"loc":{"start":{"line":13,"column":53},"end":{"line":16,"column":3}},"line":13},"2":{"name":"(anonymous_2)","decl":{"start":{"line":23,"column":72},"end":{"line":23,"column":73}},"loc":{"start":{"line":23,"column":79},"end":{"line":23,"column":103}},"line":23}},"branchMap":{},"s":{"0":1,"1":0,"2":0,"3":0,"4":0,"5":0,"6":0},"f":{"0":0,"1":0,"2":0},"b":{},"_coverageSchema":"1a1c01bbd47fc00a2c39e90264f33305004495a9","hash":"7ce504ad08320f532a9d3aecfc19f7a58215d54a"}
,"/Users/rishab/Code/WhileTrue/src/app/src/components/MainButton.tsx": {"path":"/Users/rishab/Code/WhileTrue/src/app/src/components/MainButton.tsx","statementMap":{"0":{"start":{"line":4,"column":26},"end":{"line":10,"column":1}},"1":{"start":{"line":5,"column":2},"end":{"line":9,"column":4}}},"fnMap":{"0":{"name":"(anonymous_0)","decl":{"start":{"line":4,"column":26},"end":{"line":4,"column":27}},"loc":{"start":{"line":4,"column":78},"end":{"line":10,"column":1}},"line":4}},"branchMap":{},"s":{"0":0,"1":0},"f":{"0":0},"b":{}}
,"/Users/rishab/Code/WhileTrue/src/app/src/components/Nav.tsx": {"path":"/Users/rishab/Code/WhileTrue/src/app/src/components/Nav.tsx","statementMap":{"0":{"start":{"line":17,"column":12},"end":{"line":88,"column":1}},"1":{"start":{"line":18,"column":2},"end":{"line":87,"column":4}}},"fnMap":{"0":{"name":"(anonymous_0)","decl":{"start":{"line":17,"column":12},"end":{"line":17,"column":13}},"loc":{"start":{"line":17,"column":18},"end":{"line":88,"column":1}},"line":17}},"branchMap":{},"s":{"0":0,"1":0},"f":{"0":0},"b":{}}
,"/Users/rishab/Code/WhileTrue/src/app/src/components/OfferInputs.tsx": {"path":"/Users/rishab/Code/WhileTrue/src/app/src/components/OfferInputs.tsx","statementMap":{"0":{"start":{"line":9,"column":20},"end":{"line":39,"column":1}},"1":{"start":{"line":10,"column":50},"end":{"line":10,"column":62}},"2":{"start":{"line":11,"column":36},"end":{"line":11,"column":48}},"3":{"start":{"line":13,"column":2},"end":{"line":38,"column":4}},"4":{"start":{"line":21,"column":27},"end":{"line":21,"column":62}},"5":{"start":{"line":30,"column":27},"end":{"line":30,"column":55}},"6":{"start":{"line":33,"column":41},"end":{"line":33,"column":81}}},"fnMap":{"0":{"name":"(anonymous_0)","decl":{"start":{"line":9,"column":20},"end":{"line":9,"column":21}},"loc":{"start":{"line":9,"column":48},"end":{"line":39,"column":1}},"line":9},"1":{"name":"(anonymous_1)","decl":{"start":{"line":21,"column":20},"end":{"line":21,"column":21}},"loc":{"start":{"line":21,"column":27},"end":{"line":21,"column":62}},"line":21},"2":{"name":"(anonymous_2)","decl":{"start":{"line":30,"column":20},"end":{"line":30,"column":21}},"loc":{"start":{"line":30,"column":27},"end":{"line":30,"column":55}},"line":30},"3":{"name":"(anonymous_3)","decl":{"start":{"line":33,"column":35},"end":{"line":33,"column":36}},"loc":{"start":{"line":33,"column":41},"end":{"line":33,"column":81}},"line":33}},"branchMap":{},"s":{"0":0,"1":0,"2":0,"3":0,"4":0,"5":0,"6":0},"f":{"0":0,"1":0,"2":0,"3":0},"b":{}}
,"/Users/rishab/Code/WhileTrue/src/app/src/components/SavedContentTable.tsx": {"path":"/Users/rishab/Code/WhileTrue/src/app/src/components/SavedContentTable.tsx","statementMap":{"0":{"start":{"line":5,"column":25},"end":{"line":13,"column":1}},"1":{"start":{"line":6,"column":2},"end":{"line":12,"column":4}},"2":{"start":{"line":15,"column":26},"end":{"line":35,"column":1}},"3":{"start":{"line":16,"column":22},"end":{"line":16,"column":27}},"4":{"start":{"line":17,"column":2},"end":{"line":34,"column":4}},"5":{"start":{"line":27,"column":12},"end":{"line":29,"column":18}}},"fnMap":{"0":{"name":"(anonymous_0)","decl":{"start":{"line":5,"column":25},"end":{"line":5,"column":26}},"loc":{"start":{"line":5,"column":73},"end":{"line":13,"column":1}},"line":5},"1":{"name":"(anonymous_1)","decl":{"start":{"line":15,"column":26},"end":{"line":15,"column":27}},"loc":{"start":{"line":15,"column":65},"end":{"line":35,"column":1}},"line":15},"2":{"name":"(anonymous_2)","decl":{"start":{"line":26,"column":23},"end":{"line":26,"column":24}},"loc":{"start":{"line":27,"column":12},"end":{"line":29,"column":18}},"line":27}},"branchMap":{},"s":{"0":0,"1":0,"2":0,"3":0,"4":0,"5":0},"f":{"0":0,"1":0,"2":0},"b":{}}
,"/Users/rishab/Code/WhileTrue/src/app/src/lib/UserContext.ts": {"path":"/Users/rishab/Code/WhileTrue/src/app/src/lib/UserContext.ts","statementMap":{"0":{"start":{"line":4,"column":46},"end":{"line":8,"column":1}},"1":{"start":{"line":15,"column":27},"end":{"line":18,"column":2}},"2":{"start":{"line":17,"column":21},"end":{"line":17,"column":61}}},"fnMap":{"0":{"name":"(anonymous_0)","decl":{"start":{"line":17,"column":11},"end":{"line":17,"column":12}},"loc":{"start":{"line":17,"column":21},"end":{"line":17,"column":61}},"line":17}},"branchMap":{},"s":{"0":1,"1":1,"2":0},"f":{"0":0},"b":{},"_coverageSchema":"1a1c01bbd47fc00a2c39e90264f33305004495a9","hash":"7a00fd24ed165f3326d04e102faec805dd3f5642"}
,"/Users/rishab/Code/WhileTrue/src/app/src/lib/magic.ts": {"path":"/Users/rishab/Code/WhileTrue/src/app/src/lib/magic.ts","statementMap":{"0":{"start":{"line":5,"column":0},"end":{"line":7,"column":1}},"1":{"start":{"line":6,"column":2},"end":{"line":6,"column":83}}},"fnMap":{},"branchMap":{"0":{"loc":{"start":{"line":5,"column":0},"end":{"line":7,"column":1}},"type":"if","locations":[{"start":{"line":5,"column":0},"end":{"line":7,"column":1}},{"start":{"line":5,"column":0},"end":{"line":7,"column":1}}],"line":5},"1":{"loc":{"start":{"line":6,"column":20},"end":{"line":6,"column":81}},"type":"binary-expr","locations":[{"start":{"line":6,"column":21},"end":{"line":6,"column":74}},{"start":{"line":6,"column":79},"end":{"line":6,"column":81}}],"line":6}},"s":{"0":1,"1":0},"f":{},"b":{"0":[0,1],"1":[0,0]},"_coverageSchema":"1a1c01bbd47fc00a2c39e90264f33305004495a9","hash":"1909d1760df9bcdd67431d912d0bb86cad77bdb6"}
,"/Users/rishab/Code/WhileTrue/src/app/src/pages/Callback.tsx": {"path":"/Users/rishab/Code/WhileTrue/src/app/src/pages/Callback.tsx","statementMap":{"0":{"start":{"line":14,"column":24},"end":{"line":65,"column":1}},"1":{"start":{"line":15,"column":18},"end":{"line":15,"column":30}},"2":{"start":{"line":16,"column":22},"end":{"line":16,"column":45}},"3":{"start":{"line":19,"column":2},"end":{"line":44,"column":42}},"4":{"start":{"line":20,"column":18},"end":{"line":42,"column":5}},"5":{"start":{"line":21,"column":30},"end":{"line":21,"column":90}},"6":{"start":{"line":22,"column":6},"end":{"line":41,"column":7}},"7":{"start":{"line":23,"column":8},"end":{"line":40,"column":9}},"8":{"start":{"line":25,"column":27},"end":{"line":25,"column":65}},"9":{"start":{"line":26,"column":10},"end":{"line":28,"column":11}},"10":{"start":{"line":27,"column":12},"end":{"line":27,"column":42}},"11":{"start":{"line":30,"column":25},"end":{"line":30,"column":54}},"12":{"start":{"line":31,"column":10},"end":{"line":33,"column":11}},"13":{"start":{"line":32,"column":12},"end":{"line":32,"column":52}},"14":{"start":{"line":35,"column":31},"end":{"line":35,"column":61}},"15":{"start":{"line":36,"column":10},"end":{"line":36,"column":38}},"16":{"start":{"line":37,"column":10},"end":{"line":37,"column":35}},"17":{"start":{"line":39,"column":10},"end":{"line":39,"column":27}},"18":{"start":{"line":43,"column":4},"end":{"line":43,"column":12}},"19":{"start":{"line":64,"column":2},"end":{"line":64,"column":28}}},"fnMap":{"0":{"name":"(anonymous_0)","decl":{"start":{"line":14,"column":24},"end":{"line":14,"column":25}},"loc":{"start":{"line":14,"column":49},"end":{"line":65,"column":1}},"line":14},"1":{"name":"(anonymous_1)","decl":{"start":{"line":19,"column":12},"end":{"line":19,"column":13}},"loc":{"start":{"line":19,"column":18},"end":{"line":44,"column":3}},"line":19},"2":{"name":"(anonymous_2)","decl":{"start":{"line":20,"column":18},"end":{"line":20,"column":19}},"loc":{"start":{"line":20,"column":30},"end":{"line":42,"column":5}},"line":20}},"branchMap":{"0":{"loc":{"start":{"line":22,"column":6},"end":{"line":41,"column":7}},"type":"if","locations":[{"start":{"line":22,"column":6},"end":{"line":41,"column":7}},{"start":{"line":22,"column":6},"end":{"line":41,"column":7}}],"line":22},"1":{"loc":{"start":{"line":26,"column":10},"end":{"line":28,"column":11}},"type":"if","locations":[{"start":{"line":26,"column":10},"end":{"line":28,"column":11}},{"start":{"line":26,"column":10},"end":{"line":28,"column":11}}],"line":26},"2":{"loc":{"start":{"line":31,"column":10},"end":{"line":33,"column":11}},"type":"if","locations":[{"start":{"line":31,"column":10},"end":{"line":33,"column":11}},{"start":{"line":31,"column":10},"end":{"line":33,"column":11}}],"line":31}},"s":{"0":1,"1":0,"2":0,"3":0,"4":0,"5":0,"6":0,"7":0,"8":0,"9":0,"10":0,"11":0,"12":0,"13":0,"14":0,"15":0,"16":0,"17":0,"18":0,"19":0},"f":{"0":0,"1":0,"2":0},"b":{"0":[0,0],"1":[0,0],"2":[0,0]},"_coverageSchema":"1a1c01bbd47fc00a2c39e90264f33305004495a9","hash":"4a58b917f68b51607829cd06ba76e0b4ba01fa23"}
,"/Users/rishab/Code/WhileTrue/src/app/src/pages/Content.tsx": {"path":"/Users/rishab/Code/WhileTrue/src/app/src/pages/Content.tsx","statementMap":{"0":{"start":{"line":15,"column":23},"end":{"line":50,"column":1}},"1":{"start":{"line":16,"column":50},"end":{"line":16,"column":83}},"2":{"start":{"line":17,"column":19},"end":{"line":17,"column":32}},"3":{"start":{"line":18,"column":16},"end":{"line":18,"column":49}},"4":{"start":{"line":19,"column":49},"end":{"line":19,"column":54}},"5":{"start":{"line":21,"column":37},"end":{"line":23,"column":3}},"6":{"start":{"line":22,"column":4},"end":{"line":22,"column":83}},"7":{"start":{"line":25,"column":2},"end":{"line":31,"column":9}},"8":{"start":{"line":26,"column":4},"end":{"line":30,"column":5}},"9":{"start":{"line":27,"column":6},"end":{"line":27,"column":35}},"10":{"start":{"line":29,"column":6},"end":{"line":29,"column":23}},"11":{"start":{"line":33,"column":2},"end":{"line":49,"column":4}}},"fnMap":{"0":{"name":"(anonymous_0)","decl":{"start":{"line":15,"column":23},"end":{"line":15,"column":24}},"loc":{"start":{"line":15,"column":29},"end":{"line":50,"column":1}},"line":15},"1":{"name":"(anonymous_1)","decl":{"start":{"line":21,"column":37},"end":{"line":21,"column":38}},"loc":{"start":{"line":21,"column":49},"end":{"line":23,"column":3}},"line":21},"2":{"name":"(anonymous_2)","decl":{"start":{"line":25,"column":18},"end":{"line":25,"column":19}},"loc":{"start":{"line":25,"column":24},"end":{"line":31,"column":3}},"line":25}},"branchMap":{"0":{"loc":{"start":{"line":43,"column":7},"end":{"line":47,"column":7}},"type":"cond-expr","locations":[{"start":{"line":44,"column":8},"end":{"line":44,"column":49}},{"start":{"line":46,"column":8},"end":{"line":46,"column":60}}],"line":43}},"s":{"0":0,"1":0,"2":0,"3":0,"4":0,"5":0,"6":0,"7":0,"8":0,"9":0,"10":0,"11":0},"f":{"0":0,"1":0,"2":0},"b":{"0":[0,0]}}
,"/Users/rishab/Code/WhileTrue/src/app/src/pages/Dashboard.tsx": {"path":"/Users/rishab/Code/WhileTrue/src/app/src/pages/Dashboard.tsx","statementMap":{"0":{"start":{"line":8,"column":25},"end":{"line":38,"column":1}},"1":{"start":{"line":9,"column":32},"end":{"line":9,"column":65}},"2":{"start":{"line":10,"column":30},"end":{"line":10,"column":48}},"3":{"start":{"line":12,"column":28},"end":{"line":21,"column":3}},"4":{"start":{"line":13,"column":4},"end":{"line":20,"column":5}},"5":{"start":{"line":14,"column":6},"end":{"line":14,"column":43}},"6":{"start":{"line":16,"column":6},"end":{"line":16,"column":41}},"7":{"start":{"line":19,"column":6},"end":{"line":19,"column":23}},"8":{"start":{"line":23,"column":2},"end":{"line":25,"column":9}},"9":{"start":{"line":24,"column":4},"end":{"line":24,"column":24}},"10":{"start":{"line":27,"column":2},"end":{"line":37,"column":4}}},"fnMap":{"0":{"name":"(anonymous_0)","decl":{"start":{"line":8,"column":25},"end":{"line":8,"column":26}},"loc":{"start":{"line":8,"column":31},"end":{"line":38,"column":1}},"line":8},"1":{"name":"(anonymous_1)","decl":{"start":{"line":12,"column":28},"end":{"line":12,"column":29}},"loc":{"start":{"line":12,"column":40},"end":{"line":21,"column":3}},"line":12},"2":{"name":"(anonymous_2)","decl":{"start":{"line":23,"column":18},"end":{"line":23,"column":19}},"loc":{"start":{"line":23,"column":24},"end":{"line":25,"column":3}},"line":23}},"branchMap":{},"s":{"0":0,"1":0,"2":0,"3":0,"4":0,"5":0,"6":0,"7":0,"8":0,"9":0,"10":0},"f":{"0":0,"1":0,"2":0},"b":{}}
,"/Users/rishab/Code/WhileTrue/src/app/src/pages/DataInput.tsx": {"path":"/Users/rishab/Code/WhileTrue/src/app/src/pages/DataInput.tsx","statementMap":{"0":{"start":{"line":8,"column":25},"end":{"line":81,"column":1}},"1":{"start":{"line":9,"column":34},"end":{"line":9,"column":54}},"2":{"start":{"line":10,"column":30},"end":{"line":10,"column":48}},"3":{"start":{"line":11,"column":46},"end":{"line":11,"column":64}},"4":{"start":{"line":13,"column":25},"end":{"line":22,"column":3}},"5":{"start":{"line":14,"column":4},"end":{"line":21,"column":5}},"6":{"start":{"line":15,"column":6},"end":{"line":15,"column":23}},"7":{"start":{"line":16,"column":6},"end":{"line":16,"column":41}},"8":{"start":{"line":17,"column":6},"end":{"line":17,"column":50}},"9":{"start":{"line":18,"column":6},"end":{"line":18,"column":24}},"10":{"start":{"line":20,"column":6},"end":{"line":20,"column":23}},"11":{"start":{"line":24,"column":2},"end":{"line":26,"column":9}},"12":{"start":{"line":25,"column":4},"end":{"line":25,"column":21}},"13":{"start":{"line":28,"column":20},"end":{"line":31,"column":3}},"14":{"start":{"line":29,"column":4},"end":{"line":29,"column":46}},"15":{"start":{"line":30,"column":4},"end":{"line":30,"column":21}},"16":{"start":{"line":33,"column":28},"end":{"line":36,"column":3}},"17":{"start":{"line":34,"column":4},"end":{"line":34,"column":43}},"18":{"start":{"line":35,"column":4},"end":{"line":35,"column":21}},"19":{"start":{"line":38,"column":2},"end":{"line":80,"column":4}}},"fnMap":{"0":{"name":"(anonymous_0)","decl":{"start":{"line":8,"column":25},"end":{"line":8,"column":26}},"loc":{"start":{"line":8,"column":31},"end":{"line":81,"column":1}},"line":8},"1":{"name":"(anonymous_1)","decl":{"start":{"line":13,"column":25},"end":{"line":13,"column":26}},"loc":{"start":{"line":13,"column":37},"end":{"line":22,"column":3}},"line":13},"2":{"name":"(anonymous_2)","decl":{"start":{"line":24,"column":18},"end":{"line":24,"column":19}},"loc":{"start":{"line":24,"column":24},"end":{"line":26,"column":3}},"line":24},"3":{"name":"(anonymous_3)","decl":{"start":{"line":28,"column":20},"end":{"line":28,"column":21}},"loc":{"start":{"line":28,"column":59},"end":{"line":31,"column":3}},"line":28},"4":{"name":"(anonymous_4)","decl":{"start":{"line":33,"column":28},"end":{"line":33,"column":29}},"loc":{"start":{"line":33,"column":55},"end":{"line":36,"column":3}},"line":33}},"branchMap":{"0":{"loc":{"start":{"line":58,"column":15},"end":{"line":64,"column":15}},"type":"cond-expr","locations":[{"start":{"line":59,"column":16},"end":{"line":61,"column":25}},{"start":{"line":63,"column":16},"end":{"line":63,"column":92}}],"line":58},"1":{"loc":{"start":{"line":68,"column":15},"end":{"line":74,"column":15}},"type":"cond-expr","locations":[{"start":{"line":69,"column":16},"end":{"line":71,"column":25}},{"start":{"line":73,"column":16},"end":{"line":73,"column":91}}],"line":68}},"s":{"0":0,"1":0,"2":0,"3":0,"4":0,"5":0,"6":0,"7":0,"8":0,"9":0,"10":0,"11":0,"12":0,"13":0,"14":0,"15":0,"16":0,"17":0,"18":0,"19":0},"f":{"0":0,"1":0,"2":0,"3":0,"4":0},"b":{"0":[0,0],"1":[0,0]}}
,"/Users/rishab/Code/WhileTrue/src/app/src/pages/Generate.tsx": {"path":"/Users/rishab/Code/WhileTrue/src/app/src/pages/Generate.tsx","statementMap":{"0":{"start":{"line":8,"column":24},"end":{"line":88,"column":1}},"1":{"start":{"line":9,"column":32},"end":{"line":9,"column":44}},"2":{"start":{"line":10,"column":48},"end":{"line":10,"column":60}},"3":{"start":{"line":11,"column":34},"end":{"line":11,"column":46}},"4":{"start":{"line":12,"column":42},"end":{"line":12,"column":62}},"5":{"start":{"line":14,"column":2},"end":{"line":87,"column":4}},"6":{"start":{"line":50,"column":18},"end":{"line":50,"column":46}}},"fnMap":{"0":{"name":"(anonymous_0)","decl":{"start":{"line":8,"column":24},"end":{"line":8,"column":25}},"loc":{"start":{"line":8,"column":30},"end":{"line":88,"column":1}},"line":8},"1":{"name":"(anonymous_1)","decl":{"start":{"line":49,"column":26},"end":{"line":49,"column":27}},"loc":{"start":{"line":49,"column":33},"end":{"line":51,"column":17}},"line":49}},"branchMap":{"0":{"loc":{"start":{"line":67,"column":9},"end":{"line":77,"column":9}},"type":"cond-expr","locations":[{"start":{"line":68,"column":10},"end":{"line":72,"column":17}},{"start":{"line":74,"column":10},"end":{"line":76,"column":19}}],"line":67},"1":{"loc":{"start":{"line":67,"column":9},"end":{"line":67,"column":49}},"type":"binary-expr","locations":[{"start":{"line":67,"column":9},"end":{"line":67,"column":23}},{"start":{"line":67,"column":27},"end":{"line":67,"column":49}}],"line":67}},"s":{"0":0,"1":0,"2":0,"3":0,"4":0,"5":0,"6":0},"f":{"0":0,"1":0},"b":{"0":[0,0],"1":[0,0]}}
,"/Users/rishab/Code/WhileTrue/src/app/src/pages/Login.tsx": {"path":"/Users/rishab/Code/WhileTrue/src/app/src/pages/Login.tsx","statementMap":{"0":{"start":{"line":10,"column":21},"end":{"line":62,"column":1}},"1":{"start":{"line":11,"column":18},"end":{"line":11,"column":30}},"2":{"start":{"line":12,"column":34},"end":{"line":12,"column":49}},"3":{"start":{"line":14,"column":22},"end":{"line":14,"column":45}},"4":{"start":{"line":17,"column":4},"end":{"line":54,"column":5}},"5":{"start":{"line":18,"column":6},"end":{"line":18,"column":24}},"6":{"start":{"line":22,"column":6},"end":{"line":48,"column":7}},"7":{"start":{"line":24,"column":8},"end":{"line":27,"column":11}},"8":{"start":{"line":29,"column":8},"end":{"line":31,"column":9}},"9":{"start":{"line":30,"column":10},"end":{"line":30,"column":38}},"10":{"start":{"line":33,"column":23},"end":{"line":33,"column":55}},"11":{"start":{"line":34,"column":8},"end":{"line":36,"column":9}},"12":{"start":{"line":35,"column":10},"end":{"line":35,"column":50}},"13":{"start":{"line":39,"column":29},"end":{"line":39,"column":59}},"14":{"start":{"line":40,"column":8},"end":{"line":40,"column":36}},"15":{"start":{"line":42,"column":23},"end":{"line":42,"column":82}},"16":{"start":{"line":43,"column":8},"end":{"line":45,"column":9}},"17":{"start":{"line":44,"column":10},"end":{"line":44,"column":50}},"18":{"start":{"line":47,"column":8},"end":{"line":47,"column":64}},"19":{"start":{"line":50,"column":6},"end":{"line":50,"column":33}},"20":{"start":{"line":52,"column":6},"end":{"line":52,"column":25}},"21":{"start":{"line":53,"column":6},"end":{"line":53,"column":25}},"22":{"start":{"line":57,"column":2},"end":{"line":61,"column":4}}},"fnMap":{"0":{"name":"(anonymous_0)","decl":{"start":{"line":10,"column":21},"end":{"line":10,"column":22}},"loc":{"start":{"line":10,"column":27},"end":{"line":62,"column":1}},"line":10},"1":{"name":"handleLoginWithEmail","decl":{"start":{"line":16,"column":17},"end":{"line":16,"column":37}},"loc":{"start":{"line":16,"column":53},"end":{"line":55,"column":3}},"line":16}},"branchMap":{"0":{"loc":{"start":{"line":22,"column":6},"end":{"line":48,"column":7}},"type":"if","locations":[{"start":{"line":22,"column":6},"end":{"line":48,"column":7}},{"start":{"line":22,"column":6},"end":{"line":48,"column":7}}],"line":22},"1":{"loc":{"start":{"line":29,"column":8},"end":{"line":31,"column":9}},"type":"if","locations":[{"start":{"line":29,"column":8},"end":{"line":31,"column":9}},{"start":{"line":29,"column":8},"end":{"line":31,"column":9}}],"line":29},"2":{"loc":{"start":{"line":34,"column":8},"end":{"line":36,"column":9}},"type":"if","locations":[{"start":{"line":34,"column":8},"end":{"line":36,"column":9}},{"start":{"line":34,"column":8},"end":{"line":36,"column":9}}],"line":34},"3":{"loc":{"start":{"line":43,"column":8},"end":{"line":45,"column":9}},"type":"if","locations":[{"start":{"line":43,"column":8},"end":{"line":45,"column":9}},{"start":{"line":43,"column":8},"end":{"line":45,"column":9}}],"line":43}},"s":{"0":1,"1":0,"2":0,"3":0,"4":0,"5":0,"6":0,"7":0,"8":0,"9":0,"10":0,"11":0,"12":0,"13":0,"14":0,"15":0,"16":0,"17":0,"18":0,"19":0,"20":0,"21":0,"22":0},"f":{"0":0,"1":0},"b":{"0":[0,0],"1":[0,0],"2":[0,0],"3":[0,0]},"_coverageSchema":"1a1c01bbd47fc00a2c39e90264f33305004495a9","hash":"31625ad30074d364dc27815036d0b3797ad47cb7"}
,"/Users/rishab/Code/WhileTrue/src/app/src/pages/Logout.tsx": {"path":"/Users/rishab/Code/WhileTrue/src/app/src/pages/Logout.tsx","statementMap":{"0":{"start":{"line":7,"column":22},"end":{"line":26,"column":1}},"1":{"start":{"line":8,"column":22},"end":{"line":8,"column":45}},"2":{"start":{"line":9,"column":2},"end":{"line":19,"column":16}},"3":{"start":{"line":10,"column":19},"end":{"line":17,"column":5}},"4":{"start":{"line":11,"column":6},"end":{"line":14,"column":7}},"5":{"start":{"line":13,"column":8},"end":{"line":13,"column":34}},"6":{"start":{"line":16,"column":6},"end":{"line":16,"column":66}},"7":{"start":{"line":18,"column":4},"end":{"line":18,"column":13}},"8":{"start":{"line":21,"column":2},"end":{"line":25,"column":4}}},"fnMap":{"0":{"name":"(anonymous_0)","decl":{"start":{"line":7,"column":22},"end":{"line":7,"column":23}},"loc":{"start":{"line":7,"column":28},"end":{"line":26,"column":1}},"line":7},"1":{"name":"(anonymous_1)","decl":{"start":{"line":9,"column":12},"end":{"line":9,"column":13}},"loc":{"start":{"line":9,"column":18},"end":{"line":19,"column":3}},"line":9},"2":{"name":"(anonymous_2)","decl":{"start":{"line":10,"column":19},"end":{"line":10,"column":20}},"loc":{"start":{"line":10,"column":31},"end":{"line":17,"column":5}},"line":10}},"branchMap":{"0":{"loc":{"start":{"line":11,"column":6},"end":{"line":14,"column":7}},"type":"if","locations":[{"start":{"line":11,"column":6},"end":{"line":14,"column":7}},{"start":{"line":11,"column":6},"end":{"line":14,"column":7}}],"line":11}},"s":{"0":1,"1":0,"2":0,"3":0,"4":0,"5":0,"6":0,"7":0,"8":0},"f":{"0":0,"1":0,"2":0},"b":{"0":[0,0]},"_coverageSchema":"1a1c01bbd47fc00a2c39e90264f33305004495a9","hash":"2c605b3293ea4182d092014b524425c26ad7828f"}
,"/Users/rishab/Code/WhileTrue/src/app/src/pages/Profile.tsx": {"path":"/Users/rishab/Code/WhileTrue/src/app/src/pages/Profile.tsx","statementMap":{"0":{"start":{"line":5,"column":23},"end":{"line":9,"column":1}},"1":{"start":{"line":6,"column":19},"end":{"line":6,"column":42}},"2":{"start":{"line":8,"column":2},"end":{"line":8,"column":40}}},"fnMap":{"0":{"name":"(anonymous_0)","decl":{"start":{"line":5,"column":23},"end":{"line":5,"column":24}},"loc":{"start":{"line":5,"column":29},"end":{"line":9,"column":1}},"line":5}},"branchMap":{},"s":{"0":1,"1":1,"2":1},"f":{"0":1},"b":{},"_coverageSchema":"1a1c01bbd47fc00a2c39e90264f33305004495a9","hash":"74ec2aff161484e7db5addfad7ddde5fdbd1f085"}
,"/Users/rishab/Code/WhileTrue/src/app/src/pages/Status.tsx": {"path":"/Users/rishab/Code/WhileTrue/src/app/src/pages/Status.tsx","statementMap":{"0":{"start":{"line":4,"column":22},"end":{"line":20,"column":1}},"1":{"start":{"line":5,"column":30},"end":{"line":5,"column":48}},"2":{"start":{"line":7,"column":2},"end":{"line":13,"column":9}},"3":{"start":{"line":8,"column":29},"end":{"line":10,"column":5}},"4":{"start":{"line":9,"column":6},"end":{"line":9,"column":35}},"5":{"start":{"line":12,"column":4},"end":{"line":12,"column":23}},"6":{"start":{"line":15,"column":2},"end":{"line":19,"column":4}}},"fnMap":{"0":{"name":"(anonymous_0)","decl":{"start":{"line":4,"column":22},"end":{"line":4,"column":23}},"loc":{"start":{"line":4,"column":28},"end":{"line":20,"column":1}},"line":4},"1":{"name":"(anonymous_1)","decl":{"start":{"line":7,"column":18},"end":{"line":7,"column":19}},"loc":{"start":{"line":7,"column":24},"end":{"line":13,"column":3}},"line":7},"2":{"name":"(anonymous_2)","decl":{"start":{"line":8,"column":29},"end":{"line":8,"column":30}},"loc":{"start":{"line":8,"column":41},"end":{"line":10,"column":5}},"line":8}},"branchMap":{"0":{"loc":{"start":{"line":17,"column":23},"end":{"line":17,"column":46}},"type":"binary-expr","locations":[{"start":{"line":17,"column":23},"end":{"line":17,"column":29}},{"start":{"line":17,"column":33},"end":{"line":17,"column":46}}],"line":17}},"s":{"0":1,"1":0,"2":0,"3":0,"4":0,"5":0,"6":0},"f":{"0":0,"1":0,"2":0},"b":{"0":[0,0]},"_coverageSchema":"1a1c01bbd47fc00a2c39e90264f33305004495a9","hash":"870e918b51a6ee9795fab9a93f461687d8e0cdc9"}
,"/Users/rishab/Code/WhileTrue/src/app/src/pages/index.ts": {"path":"/Users/rishab/Code/WhileTrue/src/app/src/pages/index.ts","statementMap":{},"fnMap":{},"branchMap":{},"s":{},"f":{},"b":{},"_coverageSchema":"1a1c01bbd47fc00a2c39e90264f33305004495a9","hash":"f4dc75f8ec88527e4c678e75dee6a30109afd75f"}
}
